<?xml version="1.0" encoding="UTF-8"?>
<!-- Generated by org.testng.reporters.JUnitReportReporter -->
<testsuite skipped="0" hostname="AYK-Think" name="test.NewSalesInvoiceTest" tests="1" failures="0" timestamp="25 Aug 2020 04:53:45 GMT" time="30.886" errors="0">
  <testcase name="OpenANewAccount" time="30.886" classname="test.NewSalesInvoiceTest"/>
</testsuite> <!-- test.NewSalesInvoiceTest -->
